<?xml version="1.0" encoding="UTF-8"?>
<!-- Generated by org.testng.reporters.JUnitReportReporter -->
<testsuite hostname="DESKTOP-DKMF3QD" failures="0" tests="1" name="sample1.push_sample" time="0.032" errors="0" timestamp="2023-04-13T11:09:39 IST" skipped="0">
  <testcase classname="sample1.push_sample" name="push" time="0.032"/>
  <system-out/>
</testsuite> <!-- sample1.push_sample -->
