<?xml version="1.0" encoding="UTF-8"?>
<!-- Generated by org.testng.reporters.JUnitReportReporter -->
<testsuite hostname="DESKTOP-DKMF3QD" failures="0" tests="1" name="sample1.demo" time="0.033" errors="0" timestamp="2023-04-12T11:05:09 IST" skipped="0">
  <testcase classname="sample1.demo" name="gdemo" time="0.033"/>
  <system-out/>
</testsuite> <!-- sample1.demo -->
